2:14:23 PM  [main] 	Initializing Control Panel
2:14:23 PM  [main] 	Windows Version:  Home  64-bit
2:14:23 PM  [main] 	XAMPP Version: 8.2.0
2:14:23 PM  [main] 	Control Panel Version: 3.3.0  [ Compiled: Apr 6th 2021 ]
2:14:23 PM  [main] 	You are not running with administrator rights! This will work for
2:14:23 PM  [main] 	most application stuff but whenever you do something with services
2:14:23 PM  [main] 	there will be a security dialogue or things will break! So think 
2:14:23 PM  [main] 	about running this application with administrator rights!
2:14:23 PM  [main] 	XAMPP Installation Directory: "c:\users\mishra vibhakar\team work\xampp\"
2:14:23 PM  [main] 	WARNING: Your install directory contains spaces.  This may break programs/scripts
2:14:23 PM  [main] 	Checking for prerequisites
2:14:23 PM  [main] 	All prerequisites found
2:14:23 PM  [main] 	Initializing Modules
2:14:23 PM  [main] 	Starting Check-Timer
2:14:23 PM  [main] 	Control Panel Ready
2:14:24 PM  [Apache] 	Attempting to start Apache app...
2:14:25 PM  [Apache] 	Status change detected: running
2:14:25 PM  [mysql] 	Attempting to start MySQL app...
2:14:25 PM  [mysql] 	Status change detected: running
2:30:50 PM  [Apache] 	Attempting to stop Apache (PID: 9564)
2:30:50 PM  [Apache] 	Attempting to stop Apache (PID: 16796)
2:30:50 PM  [Apache] 	Status change detected: stopped
2:30:51 PM  [mysql] 	Attempting to stop MySQL app...
2:30:51 PM  [mysql] 	Status change detected: stopped
2:31:21 PM  [mysql] 	Attempting to start MySQL app...
2:31:22 PM  [mysql] 	Status change detected: running
2:31:22 PM  [Apache] 	Attempting to start Apache app...
2:31:23 PM  [Apache] 	Status change detected: running
2:31:36 PM  [mysql] 	Attempting to stop MySQL app...
2:31:37 PM  [mysql] 	Status change detected: stopped
2:31:53 PM  [mysql] 	Attempting to start MySQL app...
2:31:53 PM  [mysql] 	Status change detected: running
4:24:53 PM  [Apache] 	Status change detected: stopped
4:24:53 PM  [Apache] 	Error: Apache shutdown unexpectedly.
4:24:53 PM  [Apache] 	This may be due to a blocked port, missing dependencies, 
4:24:53 PM  [Apache] 	improper privileges, a crash, or a shutdown by another method.
4:24:53 PM  [Apache] 	Press the Logs button to view error logs and check
4:24:53 PM  [Apache] 	the Windows Event Viewer for more clues
4:24:53 PM  [Apache] 	If you need more help, copy and post this
4:24:53 PM  [Apache] 	entire log window on the forums
4:24:53 PM  [mysql] 	Status change detected: stopped
4:24:53 PM  [mysql] 	Error: MySQL shutdown unexpectedly.
4:24:53 PM  [mysql] 	This may be due to a blocked port, missing dependencies, 
4:24:53 PM  [mysql] 	improper privileges, a crash, or a shutdown by another method.
4:24:53 PM  [mysql] 	Press the Logs button to view error logs and check
4:24:53 PM  [mysql] 	the Windows Event Viewer for more clues
4:24:53 PM  [mysql] 	If you need more help, copy and post this
4:24:53 PM  [mysql] 	entire log window on the forums
4:45:09 PM  [main] 	Deinitializing Modules
4:45:09 PM  [main] 	Deinitializing Control Panel

2:01:40 PM  [main] 	Initializing Control Panel
2:01:40 PM  [main] 	Windows Version:  Home  64-bit
2:01:40 PM  [main] 	XAMPP Version: 8.2.0
2:01:40 PM  [main] 	Control Panel Version: 3.3.0  [ Compiled: Apr 6th 2021 ]
2:01:40 PM  [main] 	You are not running with administrator rights! This will work for
2:01:40 PM  [main] 	most application stuff but whenever you do something with services
2:01:40 PM  [main] 	there will be a security dialogue or things will break! So think 
2:01:40 PM  [main] 	about running this application with administrator rights!
2:01:40 PM  [main] 	XAMPP Installation Directory: "c:\users\mishra vibhakar\team work\xampp\"
2:01:40 PM  [main] 	WARNING: Your install directory contains spaces.  This may break programs/scripts
2:01:40 PM  [main] 	Checking for prerequisites
2:01:40 PM  [main] 	All prerequisites found
2:01:40 PM  [main] 	Initializing Modules
2:01:40 PM  [Apache] 	XAMPP Apache is already running on port 80
2:01:40 PM  [Apache] 	XAMPP Apache is already running on port 443
2:01:40 PM  [mysql] 	XAMPP MySQL is already running on port 3306
2:01:40 PM  [main] 	Starting Check-Timer
2:01:40 PM  [main] 	Control Panel Ready
2:08:24 PM  [mysql] 	Attempting to stop MySQL app...
2:08:24 PM  [mysql] 	Status change detected: stopped
2:08:26 PM  [Apache] 	Attempting to stop Apache (PID: 22436)
2:08:26 PM  [Apache] 	Attempting to stop Apache (PID: 13032)
2:08:26 PM  [Apache] 	Status change detected: stopped
2:10:11 PM  [Apache] 	Status change detected: running
2:10:12 PM  [mysql] 	Status change detected: running
2:14:05 PM  [Apache] 	Status change detected: stopped
2:14:06 PM  [mysql] 	Status change detected: stopped
2:14:25 PM  [Apache] 	Status change detected: running
2:14:25 PM  [mysql] 	Status change detected: running
2:30:50 PM  [Apache] 	Status change detected: stopped
2:30:51 PM  [mysql] 	Status change detected: stopped
2:31:22 PM  [mysql] 	Status change detected: running
2:31:23 PM  [Apache] 	Status change detected: running
2:31:37 PM  [mysql] 	Status change detected: stopped
2:31:53 PM  [mysql] 	Status change detected: running
4:24:53 PM  [Apache] 	Status change detected: stopped
4:24:53 PM  [mysql] 	Status change detected: stopped
4:45:09 PM  [main] 	Deinitializing Modules
4:45:09 PM  [main] 	Deinitializing Control Panel

2:10:10 PM  [main] 	Initializing Control Panel
2:10:10 PM  [main] 	Windows Version:  Home  64-bit
2:10:10 PM  [main] 	XAMPP Version: 8.2.0
2:10:10 PM  [main] 	Control Panel Version: 3.3.0  [ Compiled: Apr 6th 2021 ]
2:10:10 PM  [main] 	You are not running with administrator rights! This will work for
2:10:10 PM  [main] 	most application stuff but whenever you do something with services
2:10:10 PM  [main] 	there will be a security dialogue or things will break! So think 
2:10:10 PM  [main] 	about running this application with administrator rights!
2:10:10 PM  [main] 	XAMPP Installation Directory: "c:\users\mishra vibhakar\team work\xampp\"
2:10:10 PM  [main] 	WARNING: Your install directory contains spaces.  This may break programs/scripts
2:10:10 PM  [main] 	Checking for prerequisites
2:10:10 PM  [main] 	All prerequisites found
2:10:10 PM  [main] 	Initializing Modules
2:10:10 PM  [main] 	Starting Check-Timer
2:10:10 PM  [main] 	Control Panel Ready
2:10:11 PM  [Apache] 	Attempting to start Apache app...
2:10:11 PM  [Apache] 	Status change detected: running
2:10:12 PM  [mysql] 	Attempting to start MySQL app...
2:10:12 PM  [mysql] 	Status change detected: running
2:14:05 PM  [Apache] 	Attempting to stop Apache (PID: 12912)
2:14:05 PM  [Apache] 	Attempting to stop Apache (PID: 7384)
2:14:05 PM  [Apache] 	Status change detected: stopped
2:14:06 PM  [mysql] 	Attempting to stop MySQL app...
2:14:06 PM  [mysql] 	Status change detected: stopped
2:14:25 PM  [Apache] 	Status change detected: running
2:14:25 PM  [mysql] 	Status change detected: running
2:30:50 PM  [Apache] 	Status change detected: stopped
2:30:51 PM  [mysql] 	Status change detected: stopped
2:31:22 PM  [mysql] 	Status change detected: running
2:31:23 PM  [Apache] 	Status change detected: running
2:31:37 PM  [mysql] 	Status change detected: stopped
2:31:53 PM  [mysql] 	Status change detected: running
4:24:53 PM  [Apache] 	Status change detected: stopped
4:24:53 PM  [mysql] 	Status change detected: stopped
4:45:09 PM  [main] 	Deinitializing Modules
4:45:09 PM  [main] 	Deinitializing Control Panel

4:24:48 PM  [main] 	Initializing Control Panel
4:24:48 PM  [main] 	Windows Version:  Home  64-bit
4:24:48 PM  [main] 	XAMPP Version: 8.2.0
4:24:48 PM  [main] 	Control Panel Version: 3.3.0  [ Compiled: Apr 6th 2021 ]
4:24:48 PM  [main] 	You are not running with administrator rights! This will work for
4:24:48 PM  [main] 	most application stuff but whenever you do something with services
4:24:48 PM  [main] 	there will be a security dialogue or things will break! So think 
4:24:48 PM  [main] 	about running this application with administrator rights!
4:24:48 PM  [main] 	XAMPP Installation Directory: "c:\users\mishra vibhakar\team work\xampp\"
4:24:49 PM  [main] 	WARNING: Your install directory contains spaces.  This may break programs/scripts
4:24:49 PM  [main] 	Checking for prerequisites
4:24:49 PM  [main] 	All prerequisites found
4:24:49 PM  [main] 	Initializing Modules
4:24:49 PM  [Apache] 	XAMPP Apache is already running on port 80
4:24:49 PM  [Apache] 	XAMPP Apache is already running on port 443
4:24:49 PM  [main] 	Starting Check-Timer
4:24:49 PM  [main] 	Control Panel Ready
4:24:52 PM  [Apache] 	Attempting to stop Apache (PID: 16808)
4:24:52 PM  [Apache] 	Attempting to stop Apache (PID: 20500)
4:24:52 PM  [Apache] 	Status change detected: stopped
4:24:53 PM  [mysql] 	Attempting to stop MySQL app...
4:24:53 PM  [mysql] 	Status change detected: stopped
4:45:09 PM  [main] 	Deinitializing Modules
4:45:09 PM  [main] 	Deinitializing Control Panel

